{
  "RSpec": {
    "coverage": {
      "/csce431/Desktop/TAMU Classes/Senior Year/Senior S1/CSCE 431/SKY_431/SKY-TAMU_Meditation_Tracker/app/channels/application_cable/channel.rb": {
        "lines": [
          null,
          null,
          0,
          0,
          0,
          0
        ],
        "branches": {
        }
      },
      "/csce431/Desktop/TAMU Classes/Senior Year/Senior S1/CSCE 431/SKY_431/SKY-TAMU_Meditation_Tracker/app/channels/application_cable/connection.rb": {
        "lines": [
          null,
          null,
          0,
          0,
          0,
          0
        ],
        "branches": {
        }
      },
      "/csce431/Desktop/TAMU Classes/Senior Year/Senior S1/CSCE 431/SKY_431/SKY-TAMU_Meditation_Tracker/app/controllers/api/v1/events_controller.rb": {
        "lines": [
          null,
          null,
          0,
          0,
          null,
          0,
          0,
          null,
          null,
          0,
          0,
          0,
          0,
          null,
          null,
          0,
          0,
          0,
          0,
          0,
          0,
          0,
          null,
          null,
          0,
          0,
          0,
          null,
          null,
          0,
          null,
          null,
          0,
          0,
          0,
          0,
          0,
          0,
          0,
          0,
          null,
          null,
          0,
          0,
          0,
          0,
          0,
          0,
          0,
          null,
          null,
          0,
          0,
          0,
          0,
          null,
          0,
          null,
          null,
          0,
          0,
          0,
          null,
          null,
          0,
          0,
          0,
          0,
          0,
          0
        ],
        "branches": {
        }
      },
      "/csce431/Desktop/TAMU Classes/Senior Year/Senior S1/CSCE 431/SKY_431/SKY-TAMU_Meditation_Tracker/app/controllers/api/v1/locations_controller.rb": {
        "lines": [
          null,
          null,
          0,
          0,
          null,
          0,
          0,
          0,
          null,
          null,
          0,
          0,
          0,
          0,
          null,
          null,
          0,
          0,
          0,
          0,
          0,
          0,
          0,
          null,
          null,
          0,
          0,
          0,
          null,
          null,
          0,
          null,
          null,
          0,
          0,
          0,
          0,
          0,
          0,
          0,
          0,
          null,
          null,
          0,
          0,
          0,
          0,
          0,
          0,
          0,
          null,
          null,
          0,
          0,
          0,
          0,
          null,
          0,
          null,
          null,
          0,
          0,
          0,
          null,
          null,
          0,
          0,
          0,
          0,
          0,
          0
        ],
        "branches": {
        }
      },
      "/csce431/Desktop/TAMU Classes/Senior Year/Senior S1/CSCE 431/SKY_431/SKY-TAMU_Meditation_Tracker/app/controllers/api/v1/recipes_controller.rb": {
        "lines": [
          null,
          null,
          0,
          0,
          null,
          0,
          0,
          0,
          0,
          0,
          null,
          0,
          0,
          0,
          0,
          0,
          0,
          0,
          0,
          null,
          0,
          0,
          0,
          0,
          0,
          0,
          0,
          null,
          0,
          0,
          0,
          0,
          null,
          0,
          null,
          0,
          0,
          0,
          null,
          0,
          0,
          0,
          0,
          0,
          0
        ],
        "branches": {
        }
      },
      "/csce431/Desktop/TAMU Classes/Senior Year/Senior S1/CSCE 431/SKY_431/SKY-TAMU_Meditation_Tracker/app/controllers/application_controller.rb": {
        "lines": [
          null,
          null,
          0,
          0
        ],
        "branches": {
        }
      },
      "/csce431/Desktop/TAMU Classes/Senior Year/Senior S1/CSCE 431/SKY_431/SKY-TAMU_Meditation_Tracker/app/controllers/attendances_controller.rb": {
        "lines": [
          null,
          null,
          null,
          0,
          0,
          null,
          null,
          0,
          0,
          0,
          0,
          null,
          null,
          0,
          null,
          null,
          0,
          0,
          0,
          null,
          null,
          0,
          null,
          null,
          0,
          0,
          0,
          0,
          0,
          0,
          null,
          null,
          0,
          null,
          null,
          null,
          null,
          null,
          null,
          null,
          null,
          null,
          0,
          null,
          null,
          0,
          0,
          0,
          0,
          0,
          0,
          null,
          0,
          null,
          null,
          0,
          0,
          0,
          null,
          null,
          0,
          0,
          0,
          null,
          null,
          0,
          0,
          0,
          0,
          0,
          0
        ],
        "branches": {
        }
      },
      "/csce431/Desktop/TAMU Classes/Senior Year/Senior S1/CSCE 431/SKY_431/SKY-TAMU_Meditation_Tracker/app/controllers/authorization_controller.rb": {
        "lines": [
          null,
          null,
          0,
          0,
          null,
          0,
          null,
          null,
          0,
          0,
          0,
          0,
          0,
          0,
          null,
          0,
          null,
          0,
          null,
          0,
          0
        ],
        "branches": {
        }
      },
      "/csce431/Desktop/TAMU Classes/Senior Year/Senior S1/CSCE 431/SKY_431/SKY-TAMU_Meditation_Tracker/app/controllers/homepage_controller.rb": {
        "lines": [
          null,
          null,
          null,
          0,
          0,
          0
        ],
        "branches": {
        }
      },
      "/csce431/Desktop/TAMU Classes/Senior Year/Senior S1/CSCE 431/SKY_431/SKY-TAMU_Meditation_Tracker/app/controllers/users_controller.rb": {
        "lines": [
          null,
          null,
          null,
          0,
          0,
          null,
          null,
          0,
          0,
          0,
          0,
          null,
          null,
          0,
          0,
          0,
          null,
          null,
          0,
          0,
          0,
          null,
          null,
          0,
          0,
          0,
          null,
          null,
          0,
          0,
          null,
          0,
          0,
          0,
          0,
          0,
          0,
          0,
          0,
          0,
          0,
          null,
          null,
          0,
          0,
          0,
          0,
          0,
          0,
          0,
          0,
          0,
          0,
          null,
          null,
          0,
          0,
          0,
          0,
          0,
          0,
          null,
          0,
          null,
          null,
          0,
          0,
          0,
          null,
          null,
          0,
          0,
          0,
          0,
          0,
          null,
          null,
          0,
          null,
          0,
          0,
          0
        ],
        "branches": {
        }
      },
      "/csce431/Desktop/TAMU Classes/Senior Year/Senior S1/CSCE 431/SKY_431/SKY-TAMU_Meditation_Tracker/app/helpers/application_helper.rb": {
        "lines": [
          null,
          null,
          null,
          0,
          0
        ],
        "branches": {
        }
      },
      "/csce431/Desktop/TAMU Classes/Senior Year/Senior S1/CSCE 431/SKY_431/SKY-TAMU_Meditation_Tracker/app/helpers/attendances_helper.rb": {
        "lines": [
          null,
          null,
          null,
          0,
          0
        ],
        "branches": {
        }
      },
      "/csce431/Desktop/TAMU Classes/Senior Year/Senior S1/CSCE 431/SKY_431/SKY-TAMU_Meditation_Tracker/app/helpers/events_helper.rb": {
        "lines": [
          null,
          null,
          null,
          0,
          0
        ],
        "branches": {
        }
      },
      "/csce431/Desktop/TAMU Classes/Senior Year/Senior S1/CSCE 431/SKY_431/SKY-TAMU_Meditation_Tracker/app/helpers/homepage_helper.rb": {
        "lines": [
          null,
          null,
          null,
          0,
          0
        ],
        "branches": {
        }
      },
      "/csce431/Desktop/TAMU Classes/Senior Year/Senior S1/CSCE 431/SKY_431/SKY-TAMU_Meditation_Tracker/app/helpers/locations_helper.rb": {
        "lines": [
          null,
          null,
          null,
          0,
          0
        ],
        "branches": {
        }
      },
      "/csce431/Desktop/TAMU Classes/Senior Year/Senior S1/CSCE 431/SKY_431/SKY-TAMU_Meditation_Tracker/app/helpers/users_helper.rb": {
        "lines": [
          null,
          null,
          null,
          0,
          0
        ],
        "branches": {
        }
      },
      "/csce431/Desktop/TAMU Classes/Senior Year/Senior S1/CSCE 431/SKY_431/SKY-TAMU_Meditation_Tracker/app/jobs/application_job.rb": {
        "lines": [
          null,
          null,
          0,
          null,
          null,
          null,
          null,
          null,
          0
        ],
        "branches": {
        }
      },
      "/csce431/Desktop/TAMU Classes/Senior Year/Senior S1/CSCE 431/SKY_431/SKY-TAMU_Meditation_Tracker/app/mailers/application_mailer.rb": {
        "lines": [
          null,
          null,
          0,
          0,
          0,
          0
        ],
        "branches": {
        }
      },
      "/csce431/Desktop/TAMU Classes/Senior Year/Senior S1/CSCE 431/SKY_431/SKY-TAMU_Meditation_Tracker/app/models/application_record.rb": {
        "lines": [
          null,
          null,
          null,
          0,
          0,
          0
        ],
        "branches": {
        }
      },
      "/csce431/Desktop/TAMU Classes/Senior Year/Senior S1/CSCE 431/SKY_431/SKY-TAMU_Meditation_Tracker/app/models/attendance.rb": {
        "lines": [
          null,
          null,
          0,
          0
        ],
        "branches": {
        }
      },
      "/csce431/Desktop/TAMU Classes/Senior Year/Senior S1/CSCE 431/SKY_431/SKY-TAMU_Meditation_Tracker/app/models/event.rb": {
        "lines": [
          null,
          null,
          0,
          null,
          null,
          0,
          0,
          0,
          0
        ],
        "branches": {
        }
      },
      "/csce431/Desktop/TAMU Classes/Senior Year/Senior S1/CSCE 431/SKY_431/SKY-TAMU_Meditation_Tracker/app/models/location.rb": {
        "lines": [
          null,
          null,
          0,
          0,
          0
        ],
        "branches": {
        }
      },
      "/csce431/Desktop/TAMU Classes/Senior Year/Senior S1/CSCE 431/SKY_431/SKY-TAMU_Meditation_Tracker/app/models/recipe.rb": {
        "lines": [
          null,
          null,
          0,
          0,
          0,
          0,
          0
        ],
        "branches": {
        }
      },
      "/csce431/Desktop/TAMU Classes/Senior Year/Senior S1/CSCE 431/SKY_431/SKY-TAMU_Meditation_Tracker/app/models/user.rb": {
        "lines": [
          null,
          null,
          null,
          0,
          0,
          null,
          0,
          0,
          0,
          0,
          0,
          null,
          null,
          0,
          0,
          0,
          0
        ],
        "branches": {
        }
      }
    },
    "timestamp": 1638319157
  }
}
